#
# There is insufficient memory for the Java Runtime Environment to continue.
# Native memory allocation (mmap) failed to map 30408704 bytes for G1 virtual space
# Possible reasons:
#   The system is out of physical RAM or swap space
#   The process is running with CompressedOops enabled, and the Java Heap may be blocking the growth of the native heap
# Possible solutions:
#   Reduce memory load on the system
#   Increase physical memory or swap space
#   Check if swap backing store is full
#   Decrease Java heap size (-Xmx/-Xms)
#   Decrease number of Java threads
#   Decrease Java thread stack sizes (-Xss)
#   Set larger code cache with -XX:ReservedCodeCacheSize=
#   JVM is running with Unscaled Compressed Oops mode in which the Java heap is
#     placed in the first 4GB address space. The Java Heap base address is the
#     maximum limit for the native heap growth. Please use -XX:HeapBaseMinAddress
#     to set the Java Heap base and to place the Java Heap above 4GB virtual address.
# This output file may be truncated or incomplete.
#
#  Out of Memory Error (os_windows.cpp:3603), pid=39240, tid=38692
#
# JRE version: Java(TM) SE Runtime Environment (21.0.6+8) (build 21.0.6+8-LTS-188)
# Java VM: Java HotSpot(TM) 64-Bit Server VM (21.0.6+8-LTS-188, mixed mode, sharing, tiered, compressed oops, compressed class ptrs, g1 gc, windows-amd64)
# No core dump will be written. Minidumps are not enabled by default on client versions of Windows
#

---------------  S U M M A R Y ------------

Command Line: -Dfile.encoding=UTF-8 -Dstdout.encoding=UTF-8 -Dstderr.encoding=UTF-8 -XX:+ShowCodeDetailsInExceptionMessages cucumber.api.cli.Main C:/Users/HP/eclipse-workspace/KR-Katalon recroder/src/main/resources/specs/ClickEventwithoutDDT.feature --glue classpath: --plugin pretty --monochrome

Host: 11th Gen Intel(R) Core(TM) i3-1115G4 @ 3.00GHz, 4 cores, 3G,  Windows 10 , 64 bit Build 19041 (10.0.19041.4957)
Time: Mon Mar  3 13:12:39 2025 Paris, Madrid elapsed time: 8.221773 seconds (0d 0h 0m 8s)

---------------  T H R E A D  ---------------

Current thread (0x000002b8f0483cc0):  VMThread "VM Thread"          [id=38692, stack(0x000000eb62f00000,0x000000eb63000000) (1024K)]

Stack: [0x000000eb62f00000,0x000000eb63000000]
Native frames: (J=compiled Java code, j=interpreted, Vv=VM code, C=native code)
V  [jvm.dll+0x6ca6d9]
V  [jvm.dll+0x854f51]
V  [jvm.dll+0x85747e]
V  [jvm.dll+0x857b53]
V  [jvm.dll+0x27dcc6]
V  [jvm.dll+0x6c6e55]
V  [jvm.dll+0x6bb9da]
V  [jvm.dll+0x35393a]
V  [jvm.dll+0x35b596]
V  [jvm.dll+0x3adefe]
V  [jvm.dll+0x3ae1a8]
V  [jvm.dll+0x327cbc]
V  [jvm.dll+0x32a516]
V  [jvm.dll+0x3344c8]
V  [jvm.dll+0x36a795]
V  [jvm.dll+0x85d920]
V  [jvm.dll+0x85eca4]
V  [jvm.dll+0x85f1e0]
V  [jvm.dll+0x85f483]
V  [jvm.dll+0x7ff2fb]
V  [jvm.dll+0x6c8dbd]
C  [ucrtbase.dll+0x21bb2]
C  [KERNEL32.DLL+0x17374]
C  [ntdll.dll+0x4cc91]

VM_Operation (0x000000eb62aff710): G1PauseRemark, mode: safepoint, requested by thread 0x000002b8f0407910


---------------  P R O C E S S  ---------------

Threads class SMR info:
_java_thread_list=0x000002b8fdb336f0, length=30, elements={
0x000002b8f03c94c0, 0x000002b8fbfce050, 0x000002b8fbfcef60, 0x000002b8fbfd3ec0,
0x000002b8fbfd4910, 0x000002b8fbfd5360, 0x000002b8fbfdddc0, 0x000002b8fbfe4050,
0x000002b8fbfe9cf0, 0x000002b8fc2732b0, 0x000002b8fc2790d0, 0x000002b8fd1bd230,
0x000002b8fd292e90, 0x000002b8fd73f350, 0x000002b8fd64fff0, 0x000002b8fd42b480,
0x000002b8fd41cba0, 0x000002b8fd564d20, 0x000002b8fd35c400, 0x000002b8fd4d93b0,
0x000002b8fd4d65c0, 0x000002b8fd4d8000, 0x000002b8fd4d6c50, 0x000002b8fc893120,
0x000002b8fc88f610, 0x000002b8fc890330, 0x000002b8fc88ceb0, 0x000002b8fc892a90,
0x000002b8fc8909c0, 0x000002b8fc891050
}

Java Threads: ( => current thread )
  0x000002b8f03c94c0 JavaThread "Forwarding newSession on session null to remote"        [_thread_blocked, id=38520, stack(0x000000eb62800000,0x000000eb62900000) (1024K)]
  0x000002b8fbfce050 JavaThread "Reference Handler"          daemon [_thread_blocked, id=39344, stack(0x000000eb63000000,0x000000eb63100000) (1024K)]
  0x000002b8fbfcef60 JavaThread "Finalizer"                  daemon [_thread_blocked, id=37288, stack(0x000000eb63100000,0x000000eb63200000) (1024K)]
  0x000002b8fbfd3ec0 JavaThread "Signal Dispatcher"          daemon [_thread_blocked, id=14216, stack(0x000000eb63200000,0x000000eb63300000) (1024K)]
  0x000002b8fbfd4910 JavaThread "Attach Listener"            daemon [_thread_blocked, id=35344, stack(0x000000eb63300000,0x000000eb63400000) (1024K)]
  0x000002b8fbfd5360 JavaThread "Service Thread"             daemon [_thread_blocked, id=35704, stack(0x000000eb63400000,0x000000eb63500000) (1024K)]
  0x000002b8fbfdddc0 JavaThread "Monitor Deflation Thread"   daemon [_thread_blocked, id=18000, stack(0x000000eb63500000,0x000000eb63600000) (1024K)]
  0x000002b8fbfe4050 JavaThread "C2 CompilerThread0"         daemon [_thread_blocked, id=35732, stack(0x000000eb63600000,0x000000eb63700000) (1024K)]
  0x000002b8fbfe9cf0 JavaThread "C1 CompilerThread0"         daemon [_thread_blocked, id=40816, stack(0x000000eb63700000,0x000000eb63800000) (1024K)]
  0x000002b8fc2732b0 JavaThread "Notification Thread"        daemon [_thread_blocked, id=6360, stack(0x000000eb63800000,0x000000eb63900000) (1024K)]
  0x000002b8fc2790d0 JavaThread "Common-Cleaner"             daemon [_thread_blocked, id=23324, stack(0x000000eb63900000,0x000000eb63a00000) (1024K)]
  0x000002b8fd1bd230 JavaThread "ForkJoinPool.commonPool-worker-1" daemon [_thread_blocked, id=31820, stack(0x000000eb63d00000,0x000000eb63e00000) (1024K)]
  0x000002b8fd292e90 JavaThread "AsyncHttpClient-1-1"        daemon [_thread_blocked, id=14808, stack(0x000000eb63e00000,0x000000eb63f00000) (1024K)]
  0x000002b8fd73f350 JavaThread "Exec Default Executor"      daemon [_thread_in_native, id=33624, stack(0x000000eb63f00000,0x000000eb64000000) (1024K)]
  0x000002b8fd64fff0 JavaThread "Driver Service Executor"    daemon [_thread_blocked, id=14976, stack(0x000000eb64000000,0x000000eb64100000) (1024K)]
  0x000002b8fd42b480 JavaThread "Driver Service Executor"    daemon [_thread_blocked, id=34792, stack(0x000000eb64100000,0x000000eb64200000) (1024K)]
  0x000002b8fd41cba0 JavaThread "UrlChecker-2"               daemon [_thread_blocked, id=35800, stack(0x000000eb64200000,0x000000eb64300000) (1024K)]
  0x000002b8fd564d20 JavaThread "Exec Stream Pumper"         daemon [_thread_in_native, id=36460, stack(0x000000eb64400000,0x000000eb64500000) (1024K)]
  0x000002b8fd35c400 JavaThread "Exec Stream Pumper"         daemon [_thread_in_native, id=32460, stack(0x000000eb64500000,0x000000eb64600000) (1024K)]
  0x000002b8fd4d93b0 JavaThread "Keep-Alive-Timer"           daemon [_thread_blocked, id=29704, stack(0x000000eb64600000,0x000000eb64700000) (1024K)]
  0x000002b8fd4d65c0 JavaThread "AsyncHttpClient-1-2"        daemon [_thread_in_native, id=32792, stack(0x000000eb64700000,0x000000eb64800000) (1024K)]
  0x000002b8fd4d8000 JavaThread "AsyncHttpClient-1-3"        daemon [_thread_in_native, id=41368, stack(0x000000eb64800000,0x000000eb64900000) (1024K)]
  0x000002b8fd4d6c50 JavaThread "AsyncHttpClient-1-4"        daemon [_thread_in_native, id=41800, stack(0x000000eb64900000,0x000000eb64a00000) (1024K)]
  0x000002b8fc893120 JavaThread "AsyncHttpClient-1-5"        daemon [_thread_in_native, id=21432, stack(0x000000eb64f00000,0x000000eb65000000) (1024K)]
  0x000002b8fc88f610 JavaThread "Exec Default Executor"      daemon [_thread_in_native, id=36384, stack(0x000000eb64a00000,0x000000eb64b00000) (1024K)]
  0x000002b8fc890330 JavaThread "Driver Service Executor"    daemon [_thread_blocked, id=41620, stack(0x000000eb64b00000,0x000000eb64c00000) (1024K)]
  0x000002b8fc88ceb0 JavaThread "Driver Service Executor"    daemon [_thread_blocked, id=39516, stack(0x000000eb64c00000,0x000000eb64d00000) (1024K)]
  0x000002b8fc892a90 JavaThread "Exec Stream Pumper"         daemon [_thread_in_native, id=33652, stack(0x000000eb64d00000,0x000000eb64e00000) (1024K)]
  0x000002b8fc8909c0 JavaThread "Exec Stream Pumper"         daemon [_thread_in_native, id=37868, stack(0x000000eb64e00000,0x000000eb64f00000) (1024K)]
  0x000002b8fc891050 JavaThread "AsyncHttpClient-1-6"        daemon [_thread_in_native, id=26152, stack(0x000000eb65000000,0x000000eb65100000) (1024K)]
Total: 30

Other Threads:
=>0x000002b8f0483cc0 VMThread "VM Thread"                           [id=38692, stack(0x000000eb62f00000,0x000000eb63000000) (1024K)]
  0x000002b8fbfbd0c0 WatcherThread "VM Periodic Task Thread"        [id=38544, stack(0x000000eb62e00000,0x000000eb62f00000) (1024K)]
  0x000002b8f03fe050 WorkerThread "GC Thread#0"                     [id=41372, stack(0x000000eb62900000,0x000000eb62a00000) (1024K)]
  0x000002b8fc899350 WorkerThread "GC Thread#1"                     [id=41980, stack(0x000000eb63a00000,0x000000eb63b00000) (1024K)]
  0x000002b8fc8c4180 WorkerThread "GC Thread#2"                     [id=37792, stack(0x000000eb63b00000,0x000000eb63c00000) (1024K)]
  0x000002b8fc8c4520 WorkerThread "GC Thread#3"                     [id=40988, stack(0x000000eb63c00000,0x000000eb63d00000) (1024K)]
  0x000002b8f0407910 ConcurrentGCThread "G1 Main Marker"            [id=31828, stack(0x000000eb62a00000,0x000000eb62b00000) (1024K)]
  0x000002b8f0408320 WorkerThread "G1 Conc#0"                       [id=41312, stack(0x000000eb62b00000,0x000000eb62c00000) (1024K)]
  0x000002b8f0465d50 ConcurrentGCThread "G1 Refine#0"               [id=29640, stack(0x000000eb62c00000,0x000000eb62d00000) (1024K)]
  0x000002b8f04667d0 ConcurrentGCThread "G1 Service"                [id=34928, stack(0x000000eb62d00000,0x000000eb62e00000) (1024K)]
Total: 10

Threads with active compile tasks:
Total: 0

VM state: at safepoint (normal execution)

VM Mutex/Monitor currently owned by a thread:  ([mutex/lock_event])
[0x00007ffed6c9de98] Threads_lock - owner thread: 0x000002b8f0483cc0
[0x00007ffed6c9df98] Heap_lock - owner thread: 0x000002b8f0407910

Heap address: 0x00000000c3200000, size: 974 MB, Compressed Oops mode: 32-bit

CDS archive(s) mapped at: [0x000002b88f000000-0x000002b88fc90000-0x000002b88fc90000), size 13172736, SharedBaseAddress: 0x000002b88f000000, ArchiveRelocationMode: 1.
Compressed class space mapped at: 0x000002b890000000-0x000002b8d0000000, reserved size: 1073741824
Narrow klass base: 0x000002b88f000000, Narrow klass shift: 0, Narrow klass range: 0x100000000

GC Precious Log:
 CardTable entry size: 512
 Card Set container configuration: InlinePtr #cards 5 size 8 Array Of Cards #cards 12 size 40 Howl #buckets 4 coarsen threshold 1843 Howl Bitmap #cards 512 size 80 coarsen threshold 460 Card regions per heap region 1 cards per card region 2048
 CPUs: 4 total, 4 available
 Memory: 3895M
 Large Page Support: Disabled
 NUMA Support: Disabled
 Compressed Oops: Enabled (32-bit)
 Heap Region Size: 1M
 Heap Min Capacity: 8M
 Heap Initial Capacity: 62M
 Heap Max Capacity: 974M
 Pre-touch: Disabled
 Parallel Workers: 4
 Concurrent Workers: 1
 Concurrent Refinement Workers: 4
 Periodic GC: Disabled

Heap:
 garbage-first heap   total 77824K, used 62991K [0x00000000c3200000, 0x0000000100000000)
  region size 1024K, 3 young (3072K), 2 survivors (2048K)
 Metaspace       used 21272K, committed 21504K, reserved 1114112K
  class space    used 2667K, committed 2752K, reserved 1048576K

Heap Regions: E=young(eden), S=young(survivor), O=old, HS=humongous(starts), HC=humongous(continues), CS=collection set, F=free, TAMS=top-at-mark-start, PB=parsable bottom
|   0|0x00000000c3200000, 0x00000000c3300000, 0x00000000c3300000|100%| O|  |TAMS 0x00000000c3300000| PB 0x00000000c3300000| Untracked 
|   1|0x00000000c3300000, 0x00000000c3400000, 0x00000000c3400000|100%| O|  |TAMS 0x00000000c3400000| PB 0x00000000c3400000| Untracked 
|   2|0x00000000c3400000, 0x00000000c3500000, 0x00000000c3500000|100%| O|  |TAMS 0x00000000c3500000| PB 0x00000000c3500000| Untracked 
|   3|0x00000000c3500000, 0x00000000c3600000, 0x00000000c3600000|100%| O|  |TAMS 0x00000000c3600000| PB 0x00000000c3600000| Untracked 
|   4|0x00000000c3600000, 0x00000000c3700000, 0x00000000c3700000|100%| O|  |TAMS 0x00000000c3700000| PB 0x00000000c3700000| Untracked 
|   5|0x00000000c3700000, 0x00000000c3800000, 0x00000000c3800000|100%|HS|  |TAMS 0x00000000c3800000| PB 0x00000000c3700000| Complete 
|   6|0x00000000c3800000, 0x00000000c3900000, 0x00000000c3900000|100%|HC|  |TAMS 0x00000000c3900000| PB 0x00000000c3800000| Complete 
|   7|0x00000000c3900000, 0x00000000c3a00000, 0x00000000c3a00000|100%|HC|  |TAMS 0x00000000c3a00000| PB 0x00000000c3900000| Complete 
|   8|0x00000000c3a00000, 0x00000000c3b00000, 0x00000000c3b00000|100%|HC|  |TAMS 0x00000000c3b00000| PB 0x00000000c3a00000| Complete 
|   9|0x00000000c3b00000, 0x00000000c3c00000, 0x00000000c3c00000|100%|HC|  |TAMS 0x00000000c3c00000| PB 0x00000000c3b00000| Complete 
|  10|0x00000000c3c00000, 0x00000000c3d00000, 0x00000000c3d00000|100%|HC|  |TAMS 0x00000000c3d00000| PB 0x00000000c3c00000| Complete 
|  11|0x00000000c3d00000, 0x00000000c3e00000, 0x00000000c3e00000|100%|HC|  |TAMS 0x00000000c3e00000| PB 0x00000000c3d00000| Complete 
|  12|0x00000000c3e00000, 0x00000000c3f00000, 0x00000000c3f00000|100%|HC|  |TAMS 0x00000000c3f00000| PB 0x00000000c3e00000| Complete 
|  13|0x00000000c3f00000, 0x00000000c4000000, 0x00000000c4000000|100%|HC|  |TAMS 0x00000000c4000000| PB 0x00000000c3f00000| Complete 
|  14|0x00000000c4000000, 0x00000000c4100000, 0x00000000c4100000|100%|HC|  |TAMS 0x00000000c4100000| PB 0x00000000c4000000| Complete 
|  15|0x00000000c4100000, 0x00000000c4200000, 0x00000000c4200000|100%|HC|  |TAMS 0x00000000c4200000| PB 0x00000000c4100000| Complete 
|  16|0x00000000c4200000, 0x00000000c4300000, 0x00000000c4300000|100%|HC|  |TAMS 0x00000000c4300000| PB 0x00000000c4200000| Complete 
|  17|0x00000000c4300000, 0x00000000c4400000, 0x00000000c4400000|100%|HC|  |TAMS 0x00000000c4400000| PB 0x00000000c4300000| Complete 
|  18|0x00000000c4400000, 0x00000000c4500000, 0x00000000c4500000|100%|HC|  |TAMS 0x00000000c4500000| PB 0x00000000c4400000| Complete 
|  19|0x00000000c4500000, 0x00000000c4600000, 0x00000000c4600000|100%|HC|  |TAMS 0x00000000c4600000| PB 0x00000000c4500000| Complete 
|  20|0x00000000c4600000, 0x00000000c4700000, 0x00000000c4700000|100%|HC|  |TAMS 0x00000000c4700000| PB 0x00000000c4600000| Complete 
|  21|0x00000000c4700000, 0x00000000c4800000, 0x00000000c4800000|100%|HC|  |TAMS 0x00000000c4800000| PB 0x00000000c4700000| Complete 
|  22|0x00000000c4800000, 0x00000000c4900000, 0x00000000c4900000|100%| O|  |TAMS 0x00000000c4900000| PB 0x00000000c4900000| Untracked 
|  23|0x00000000c4900000, 0x00000000c4a00000, 0x00000000c4a00000|100%| O|  |TAMS 0x00000000c4a00000| PB 0x00000000c4a00000| Untracked 
|  24|0x00000000c4a00000, 0x00000000c4b00000, 0x00000000c4b00000|100%| O|  |TAMS 0x00000000c4b00000| PB 0x00000000c4b00000| Untracked 
|  25|0x00000000c4b00000, 0x00000000c4bd2900, 0x00000000c4c00000| 82%| O|  |TAMS 0x00000000c4bd2900| PB 0x00000000c4bd2900| Updating 
|  26|0x00000000c4c00000, 0x00000000c4d00000, 0x00000000c4d00000|100%|HS|  |TAMS 0x00000000c4d00000| PB 0x00000000c4c00000| Complete 
|  27|0x00000000c4d00000, 0x00000000c4e00000, 0x00000000c4e00000|100%|HC|  |TAMS 0x00000000c4e00000| PB 0x00000000c4d00000| Complete 
|  28|0x00000000c4e00000, 0x00000000c4f00000, 0x00000000c4f00000|100%|HC|  |TAMS 0x00000000c4f00000| PB 0x00000000c4e00000| Complete 
|  29|0x00000000c4f00000, 0x00000000c5000000, 0x00000000c5000000|100%|HC|  |TAMS 0x00000000c5000000| PB 0x00000000c4f00000| Complete 
|  30|0x00000000c5000000, 0x00000000c5100000, 0x00000000c5100000|100%|HC|  |TAMS 0x00000000c5100000| PB 0x00000000c5000000| Complete 
|  31|0x00000000c5100000, 0x00000000c5200000, 0x00000000c5200000|100%|HC|  |TAMS 0x00000000c5200000| PB 0x00000000c5100000| Complete 
|  32|0x00000000c5200000, 0x00000000c5300000, 0x00000000c5300000|100%|HC|  |TAMS 0x00000000c5300000| PB 0x00000000c5200000| Complete 
|  33|0x00000000c5300000, 0x00000000c5400000, 0x00000000c5400000|100%|HC|  |TAMS 0x00000000c5400000| PB 0x00000000c5300000| Complete 
|  34|0x00000000c5400000, 0x00000000c5500000, 0x00000000c5500000|100%|HC|  |TAMS 0x00000000c5500000| PB 0x00000000c5400000| Complete 
|  35|0x00000000c5500000, 0x00000000c5600000, 0x00000000c5600000|100%|HC|  |TAMS 0x00000000c5600000| PB 0x00000000c5500000| Complete 
|  36|0x00000000c5600000, 0x00000000c5700000, 0x00000000c5700000|100%|HC|  |TAMS 0x00000000c5700000| PB 0x00000000c5600000| Complete 
|  37|0x00000000c5700000, 0x00000000c5800000, 0x00000000c5800000|100%|HC|  |TAMS 0x00000000c5800000| PB 0x00000000c5700000| Complete 
|  38|0x00000000c5800000, 0x00000000c5900000, 0x00000000c5900000|100%|HC|  |TAMS 0x00000000c5900000| PB 0x00000000c5800000| Complete 
|  39|0x00000000c5900000, 0x00000000c5a00000, 0x00000000c5a00000|100%|HC|  |TAMS 0x00000000c5a00000| PB 0x00000000c5900000| Complete 
|  40|0x00000000c5a00000, 0x00000000c5b00000, 0x00000000c5b00000|100%|HC|  |TAMS 0x00000000c5b00000| PB 0x00000000c5a00000| Complete 
|  41|0x00000000c5b00000, 0x00000000c5c00000, 0x00000000c5c00000|100%|HC|  |TAMS 0x00000000c5c00000| PB 0x00000000c5b00000| Complete 
|  42|0x00000000c5c00000, 0x00000000c5d00000, 0x00000000c5d00000|100%|HC|  |TAMS 0x00000000c5d00000| PB 0x00000000c5c00000| Complete 
|  43|0x00000000c5d00000, 0x00000000c5d00000, 0x00000000c5e00000|  0%| F|  |TAMS 0x00000000c5d00000| PB 0x00000000c5d00000| Untracked 
|  44|0x00000000c5e00000, 0x00000000c5e00000, 0x00000000c5f00000|  0%| F|  |TAMS 0x00000000c5e00000| PB 0x00000000c5e00000| Untracked 
|  45|0x00000000c5f00000, 0x00000000c5f00000, 0x00000000c6000000|  0%| F|  |TAMS 0x00000000c5f00000| PB 0x00000000c5f00000| Untracked 
|  46|0x00000000c6000000, 0x00000000c6000000, 0x00000000c6100000|  0%| F|  |TAMS 0x00000000c6000000| PB 0x00000000c6000000| Untracked 
|  47|0x00000000c6100000, 0x00000000c6100000, 0x00000000c6200000|  0%| F|  |TAMS 0x00000000c6100000| PB 0x00000000c6100000| Untracked 
|  48|0x00000000c6200000, 0x00000000c6200000, 0x00000000c6300000|  0%| F|  |TAMS 0x00000000c6200000| PB 0x00000000c6200000| Untracked 
|  49|0x00000000c6300000, 0x00000000c6300000, 0x00000000c6400000|  0%| F|  |TAMS 0x00000000c6300000| PB 0x00000000c6300000| Untracked 
|  50|0x00000000c6400000, 0x00000000c6400000, 0x00000000c6500000|  0%| F|  |TAMS 0x00000000c6400000| PB 0x00000000c6400000| Untracked 
|  51|0x00000000c6500000, 0x00000000c6500000, 0x00000000c6600000|  0%| F|  |TAMS 0x00000000c6500000| PB 0x00000000c6500000| Untracked 
|  52|0x00000000c6600000, 0x00000000c6600000, 0x00000000c6700000|  0%| F|  |TAMS 0x00000000c6600000| PB 0x00000000c6600000| Untracked 
|  53|0x00000000c6700000, 0x00000000c6700000, 0x00000000c6800000|  0%| F|  |TAMS 0x00000000c6700000| PB 0x00000000c6700000| Untracked 
|  54|0x00000000c6800000, 0x00000000c6800000, 0x00000000c6900000|  0%| F|  |TAMS 0x00000000c6800000| PB 0x00000000c6800000| Untracked 
|  55|0x00000000c6900000, 0x00000000c6900000, 0x00000000c6a00000|  0%| F|  |TAMS 0x00000000c6900000| PB 0x00000000c6900000| Untracked 
|  56|0x00000000c6a00000, 0x00000000c6a24348, 0x00000000c6b00000| 14%| E|  |TAMS 0x00000000c6a00000| PB 0x00000000c6a00000| Complete 
|  57|0x00000000c6b00000, 0x00000000c6bb15e0, 0x00000000c6c00000| 69%| S|CS|TAMS 0x00000000c6b00000| PB 0x00000000c6b00000| Complete 
|  58|0x00000000c6c00000, 0x00000000c6d00000, 0x00000000c6d00000|100%| S|CS|TAMS 0x00000000c6c00000| PB 0x00000000c6c00000| Complete 
|  59|0x00000000c6d00000, 0x00000000c6e00000, 0x00000000c6e00000|100%|HS|  |TAMS 0x00000000c6d00000| PB 0x00000000c6d00000| Complete 
|  60|0x00000000c6e00000, 0x00000000c6f00000, 0x00000000c6f00000|100%|HC|  |TAMS 0x00000000c6e00000| PB 0x00000000c6e00000| Complete 
|  61|0x00000000c6f00000, 0x00000000c7000000, 0x00000000c7000000|100%|HC|  |TAMS 0x00000000c6f00000| PB 0x00000000c6f00000| Complete 
|  62|0x00000000c7000000, 0x00000000c7100000, 0x00000000c7100000|100%|HC|  |TAMS 0x00000000c7000000| PB 0x00000000c7000000| Complete 
|  63|0x00000000c7100000, 0x00000000c7200000, 0x00000000c7200000|100%|HC|  |TAMS 0x00000000c7100000| PB 0x00000000c7100000| Complete 
|  64|0x00000000c7200000, 0x00000000c7300000, 0x00000000c7300000|100%|HC|  |TAMS 0x00000000c7200000| PB 0x00000000c7200000| Complete 
|  65|0x00000000c7300000, 0x00000000c7400000, 0x00000000c7400000|100%|HC|  |TAMS 0x00000000c7300000| PB 0x00000000c7300000| Complete 
|  66|0x00000000c7400000, 0x00000000c7500000, 0x00000000c7500000|100%|HC|  |TAMS 0x00000000c7400000| PB 0x00000000c7400000| Complete 
|  67|0x00000000c7500000, 0x00000000c7600000, 0x00000000c7600000|100%|HC|  |TAMS 0x00000000c7500000| PB 0x00000000c7500000| Complete 
|  68|0x00000000c7600000, 0x00000000c7700000, 0x00000000c7700000|100%|HC|  |TAMS 0x00000000c7600000| PB 0x00000000c7600000| Complete 
|  69|0x00000000c7700000, 0x00000000c7800000, 0x00000000c7800000|100%|HC|  |TAMS 0x00000000c7700000| PB 0x00000000c7700000| Complete 
|  70|0x00000000c7800000, 0x00000000c7900000, 0x00000000c7900000|100%|HC|  |TAMS 0x00000000c7800000| PB 0x00000000c7800000| Complete 
|  71|0x00000000c7900000, 0x00000000c7a00000, 0x00000000c7a00000|100%|HC|  |TAMS 0x00000000c7900000| PB 0x00000000c7900000| Complete 
|  72|0x00000000c7a00000, 0x00000000c7b00000, 0x00000000c7b00000|100%|HC|  |TAMS 0x00000000c7a00000| PB 0x00000000c7a00000| Complete 
|  73|0x00000000c7b00000, 0x00000000c7c00000, 0x00000000c7c00000|100%|HC|  |TAMS 0x00000000c7b00000| PB 0x00000000c7b00000| Complete 
|  74|0x00000000c7c00000, 0x00000000c7d00000, 0x00000000c7d00000|100%|HC|  |TAMS 0x00000000c7c00000| PB 0x00000000c7c00000| Complete 
|  75|0x00000000c7d00000, 0x00000000c7e00000, 0x00000000c7e00000|100%|HC|  |TAMS 0x00000000c7d00000| PB 0x00000000c7d00000| Complete 

Card table byte_map: [0x000002b8f8a40000,0x000002b8f8c30000] _byte_map_base: 0x000002b8f8427000

Marking Bits: (CMBitMap*) 0x000002b8f03ff670
 Bits: [0x000002b8f8c30000, 0x000002b8f9b68000)

Polling page: 0x000002b8ee340000

Metaspace:

Usage:
  Non-class:     18.17 MB used.
      Class:      2.60 MB used.
       Both:     20.77 MB used.

Virtual space:
  Non-class space:       64.00 MB reserved,      18.31 MB ( 29%) committed,  1 nodes.
      Class space:        1.00 GB reserved,       2.69 MB ( <1%) committed,  1 nodes.
             Both:        1.06 GB reserved,      21.00 MB (  2%) committed. 

Chunk freelists:
   Non-Class:  13.28 MB
       Class:  13.26 MB
        Both:  26.54 MB

MaxMetaspaceSize: unlimited
CompressedClassSpaceSize: 1.00 GB
Initial GC threshold: 21.00 MB
Current GC threshold: 21.00 MB
CDS: on
 - commit_granule_bytes: 65536.
 - commit_granule_words: 8192.
 - virtual_space_node_default_size: 8388608.
 - enlarge_chunks_in_place: 1.
 - use_allocation_guard: 0.


Internal statistics:

num_allocs_failed_limit: 0.
num_arena_births: 204.
num_arena_deaths: 0.
num_vsnodes_births: 2.
num_vsnodes_deaths: 0.
num_space_committed: 336.
num_space_uncommitted: 0.
num_chunks_returned_to_freelist: 0.
num_chunks_taken_from_freelist: 756.
num_chunk_merges: 0.
num_chunk_splits: 517.
num_chunks_enlarged: 413.
num_inconsistent_stats: 0.

CodeHeap 'non-profiled nmethods': size=120000Kb used=923Kb max_used=923Kb free=119076Kb
 bounds [0x000002b887ad0000, 0x000002b887d40000, 0x000002b88f000000]
CodeHeap 'profiled nmethods': size=120000Kb used=4629Kb max_used=4629Kb free=115370Kb
 bounds [0x000002b880000000, 0x000002b880490000, 0x000002b887530000]
CodeHeap 'non-nmethods': size=5760Kb used=1708Kb max_used=1725Kb free=4051Kb
 bounds [0x000002b887530000, 0x000002b8877a0000, 0x000002b887ad0000]
 total_blobs=3084 nmethods=2483 adapters=505
 compilation: enabled
              stopped_count=0, restarted_count=0
 full_count=0

Compilation events (20 events):
Event: 8.178 Thread 0x000002b8fbfe9cf0 2474       3       java.lang.Class::getDeclaredMethod (63 bytes)
Event: 8.178 Thread 0x000002b8fbfe9cf0 nmethod 2474 0x000002b880481010 code [0x000002b8804812e0, 0x000002b880481e68]
Event: 8.178 Thread 0x000002b8fbfe9cf0 2473       3       java.util.Optional::of (12 bytes)
Event: 8.179 Thread 0x000002b8fbfe9cf0 nmethod 2473 0x000002b880482310 code [0x000002b8804824e0, 0x000002b880482898]
Event: 8.180 Thread 0x000002b8fbfe9cf0 2475       3       io.netty.channel.ChannelHandlerMask::isSkippable (20 bytes)
Event: 8.180 Thread 0x000002b8fbfe4050 2477       4       java.util.WeakHashMap::getTable (9 bytes)
Event: 8.180 Thread 0x000002b8fbfe9cf0 nmethod 2475 0x000002b880482a10 code [0x000002b880482be0, 0x000002b880483040]
Event: 8.180 Thread 0x000002b8fbfe9cf0 2476       3       io.netty.channel.ChannelHandlerMask$2::<init> (20 bytes)
Event: 8.180 Thread 0x000002b8fbfe9cf0 nmethod 2476 0x000002b880483190 code [0x000002b880483340, 0x000002b8804835c0]
Event: 8.182 Thread 0x000002b8fbfe9cf0 2478       3       io.netty.util.internal.shaded.org.jctools.util.UnsafeRefArrayAccess::allocateRefArray (8 bytes)
Event: 8.182 Thread 0x000002b8fbfe9cf0 nmethod 2478 0x000002b880483690 code [0x000002b880483820, 0x000002b8804839a8]
Event: 8.182 Thread 0x000002b8fbfe9cf0 2479       3       io.netty.util.internal.MathUtil::findNextPositivePowerOfTwo (38 bytes)
Event: 8.182 Thread 0x000002b8fbfe4050 nmethod 2477 0x000002b887bb6510 code [0x000002b887bb66e0, 0x000002b887bb68f8]
Event: 8.182 Thread 0x000002b8fbfe9cf0 nmethod 2479 0x000002b880483a90 code [0x000002b880483c40, 0x000002b880483d70]
Event: 8.182 Thread 0x000002b8fbfe9cf0 2480       3       io.netty.util.internal.shaded.org.jctools.queues.ConcurrentCircularArrayQueueL0Pad::<init> (5 bytes)
Event: 8.182 Thread 0x000002b8fbfe9cf0 nmethod 2480 0x000002b880483e10 code [0x000002b880483fc0, 0x000002b8804841e8]
Event: 8.182 Thread 0x000002b8fbfe9cf0 2481       3       io.netty.buffer.PoolThreadCache$SubPageMemoryRegionCache::<init> (9 bytes)
Event: 8.183 Thread 0x000002b8fbfe9cf0 nmethod 2481 0x000002b880484310 code [0x000002b880484560, 0x000002b880484e20]
Event: 8.188 Thread 0x000002b8fbfe9cf0 2482       3       io.netty.buffer.LongPriorityQueue::<init> (13 bytes)
Event: 8.188 Thread 0x000002b8fbfe9cf0 nmethod 2482 0x000002b880485190 code [0x000002b880485340, 0x000002b8804855a8]

GC Heap History (10 events):
Event: 1.534 GC heap before
{Heap before GC invocations=0 (full 0):
 garbage-first heap   total 63488K, used 13312K [0x00000000c3200000, 0x0000000100000000)
  region size 1024K, 13 young (13312K), 0 survivors (0K)
 Metaspace       used 3762K, committed 3968K, reserved 1114112K
  class space    used 424K, committed 512K, reserved 1048576K
}
Event: 1.541 GC heap after
{Heap after GC invocations=1 (full 0):
 garbage-first heap   total 63488K, used 4992K [0x00000000c3200000, 0x0000000100000000)
  region size 1024K, 2 young (2048K), 2 survivors (2048K)
 Metaspace       used 3762K, committed 3968K, reserved 1114112K
  class space    used 424K, committed 512K, reserved 1048576K
}
Event: 2.093 GC heap before
{Heap before GC invocations=1 (full 0):
 garbage-first heap   total 63488K, used 18304K [0x00000000c3200000, 0x0000000100000000)
  region size 1024K, 15 young (15360K), 2 survivors (2048K)
 Metaspace       used 7561K, committed 7744K, reserved 1114112K
  class space    used 948K, committed 1024K, reserved 1048576K
}
Event: 2.099 GC heap after
{Heap after GC invocations=2 (full 0):
 garbage-first heap   total 63488K, used 6733K [0x00000000c3200000, 0x0000000100000000)
  region size 1024K, 2 young (2048K), 2 survivors (2048K)
 Metaspace       used 7561K, committed 7744K, reserved 1114112K
  class space    used 948K, committed 1024K, reserved 1048576K
}
Event: 3.107 GC heap before
{Heap before GC invocations=2 (full 0):
 garbage-first heap   total 63488K, used 34381K [0x00000000c3200000, 0x0000000100000000)
  region size 1024K, 30 young (30720K), 2 survivors (2048K)
 Metaspace       used 17870K, committed 18112K, reserved 1114112K
  class space    used 2195K, committed 2304K, reserved 1048576K
}
Event: 3.112 GC heap after
{Heap after GC invocations=3 (full 0):
 garbage-first heap   total 63488K, used 9025K [0x00000000c3200000, 0x0000000100000000)
  region size 1024K, 4 young (4096K), 4 survivors (4096K)
 Metaspace       used 17870K, committed 18112K, reserved 1114112K
  class space    used 2195K, committed 2304K, reserved 1048576K
}
Event: 7.552 GC heap before
{Heap before GC invocations=3 (full 0):
 garbage-first heap   total 63488K, used 39745K [0x00000000c3200000, 0x0000000100000000)
  region size 1024K, 18 young (18432K), 4 survivors (4096K)
 Metaspace       used 21151K, committed 21440K, reserved 1114112K
  class space    used 2651K, committed 2752K, reserved 1048576K
}
Event: 7.563 GC heap after
{Heap after GC invocations=4 (full 0):
 garbage-first heap   total 63488K, used 28112K [0x00000000c3200000, 0x0000000100000000)
  region size 1024K, 2 young (2048K), 2 survivors (2048K)
 Metaspace       used 21151K, committed 21440K, reserved 1114112K
  class space    used 2651K, committed 2752K, reserved 1048576K
}
Event: 8.189 GC heap before
{Heap before GC invocations=4 (full 0):
 garbage-first heap   total 63488K, used 47568K [0x00000000c3200000, 0x0000000100000000)
  region size 1024K, 5 young (5120K), 2 survivors (2048K)
 Metaspace       used 21272K, committed 21504K, reserved 1114112K
  class space    used 2667K, committed 2752K, reserved 1048576K
}
Event: 8.191 GC heap after
{Heap after GC invocations=5 (full 0):
 garbage-first heap   total 63488K, used 45583K [0x00000000c3200000, 0x0000000100000000)
  region size 1024K, 2 young (2048K), 2 survivors (2048K)
 Metaspace       used 21272K, committed 21504K, reserved 1114112K
  class space    used 2667K, committed 2752K, reserved 1048576K
}

Dll operation events (11 events):
Event: 0.019 Loaded shared library C:\Program Files\Java\jdk-21\bin\java.dll
Event: 0.118 Loaded shared library C:\Program Files\Java\jdk-21\bin\jsvml.dll
Event: 0.233 Loaded shared library C:\Program Files\Java\jdk-21\bin\net.dll
Event: 0.249 Loaded shared library C:\Program Files\Java\jdk-21\bin\nio.dll
Event: 0.271 Loaded shared library C:\Program Files\Java\jdk-21\bin\zip.dll
Event: 0.440 Loaded shared library C:\Program Files\Java\jdk-21\bin\jimage.dll
Event: 1.826 Loaded shared library C:\Program Files\Java\jdk-21\bin\verify.dll
Event: 2.008 Loaded shared library C:\Program Files\Java\jdk-21\bin\extnet.dll
Event: 2.149 Loaded shared library C:\Program Files\Java\jdk-21\bin\management.dll
Event: 2.154 Loaded shared library C:\Program Files\Java\jdk-21\bin\management_ext.dll
Event: 2.211 Loaded shared library C:\Program Files\Java\jdk-21\bin\sunmscapi.dll

Deoptimization events (20 events):
Event: 7.963 Thread 0x000002b8f03c94c0 Uncommon trap: trap_request=0xffffff45 fr.pc=0x000002b887aeae10 relative=0x00000000000004b0
Event: 7.963 Thread 0x000002b8f03c94c0 Uncommon trap: reason=unstable_if action=reinterpret pc=0x000002b887aeae10 method=java.lang.AbstractStringBuilder.isLatin1()Z @ 10 c2
Event: 7.963 Thread 0x000002b8f03c94c0 DEOPT PACKING pc=0x000002b887aeae10 sp=0x000000eb628fd9d0
Event: 7.963 Thread 0x000002b8f03c94c0 DEOPT UNPACKING pc=0x000002b887587da2 sp=0x000000eb628fd960 mode 2
Event: 7.963 Thread 0x000002b8f03c94c0 Uncommon trap: trap_request=0xffffff45 fr.pc=0x000002b887b70cf0 relative=0x0000000000000770
Event: 7.963 Thread 0x000002b8f03c94c0 Uncommon trap: reason=unstable_if action=reinterpret pc=0x000002b887b70cf0 method=java.lang.AbstractStringBuilder.isLatin1()Z @ 10 c2
Event: 7.963 Thread 0x000002b8f03c94c0 DEOPT PACKING pc=0x000002b887b70cf0 sp=0x000000eb628fd9e0
Event: 7.963 Thread 0x000002b8f03c94c0 DEOPT UNPACKING pc=0x000002b887587da2 sp=0x000000eb628fd960 mode 2
Event: 7.963 Thread 0x000002b8f03c94c0 Uncommon trap: trap_request=0xffffff45 fr.pc=0x000002b887b46094 relative=0x0000000000000554
Event: 7.963 Thread 0x000002b8f03c94c0 Uncommon trap: reason=unstable_if action=reinterpret pc=0x000002b887b46094 method=java.lang.AbstractStringBuilder.isLatin1()Z @ 10 c2
Event: 7.963 Thread 0x000002b8f03c94c0 DEOPT PACKING pc=0x000002b887b46094 sp=0x000000eb628fda40
Event: 7.963 Thread 0x000002b8f03c94c0 DEOPT UNPACKING pc=0x000002b887587da2 sp=0x000000eb628fd8d8 mode 2
Event: 7.963 Thread 0x000002b8f03c94c0 Uncommon trap: trap_request=0xffffff45 fr.pc=0x000002b887b4b1c4 relative=0x0000000000000504
Event: 7.963 Thread 0x000002b8f03c94c0 Uncommon trap: reason=unstable_if action=reinterpret pc=0x000002b887b4b1c4 method=java.lang.AbstractStringBuilder.isLatin1()Z @ 10 c2
Event: 7.963 Thread 0x000002b8f03c94c0 DEOPT PACKING pc=0x000002b887b4b1c4 sp=0x000000eb628fda80
Event: 7.963 Thread 0x000002b8f03c94c0 DEOPT UNPACKING pc=0x000002b887587da2 sp=0x000000eb628fd9d0 mode 2
Event: 7.963 Thread 0x000002b8f03c94c0 Uncommon trap: trap_request=0xffffff45 fr.pc=0x000002b887b83e90 relative=0x00000000000002d0
Event: 7.963 Thread 0x000002b8f03c94c0 Uncommon trap: reason=unstable_if action=reinterpret pc=0x000002b887b83e90 method=java.lang.String.getChars(II[CI)V @ 24 c2
Event: 7.963 Thread 0x000002b8f03c94c0 DEOPT PACKING pc=0x000002b887b83e90 sp=0x000000eb628fdb80
Event: 7.963 Thread 0x000002b8f03c94c0 DEOPT UNPACKING pc=0x000002b887587da2 sp=0x000000eb628fdb40 mode 2

Classes loaded (20 events):
Event: 5.232 Loading class java/util/AbstractList$ListItr
Event: 5.232 Loading class java/util/AbstractList$ListItr done
Event: 7.068 Loading class java/time/Instant$1
Event: 7.068 Loading class java/time/Instant$1 done
Event: 7.112 Loading class java/net/URLEncoder
Event: 7.112 Loading class java/net/URLEncoder done
Event: 7.113 Loading class java/io/CharArrayWriter
Event: 7.113 Loading class java/io/CharArrayWriter done
Event: 7.870 Loading class java/lang/ThreadDeath
Event: 7.871 Loading class java/lang/ThreadDeath done
Event: 7.871 Loading class sun/misc/SharedSecrets
Event: 7.871 Loading class sun/misc/SharedSecrets done
Event: 7.954 Loading class java/lang/invoke/WrongMethodTypeException
Event: 7.955 Loading class java/lang/invoke/WrongMethodTypeException done
Event: 7.961 Loading class java/lang/Throwable$WrappedPrintWriter
Event: 7.961 Loading class java/lang/Throwable$PrintStreamOrWriter
Event: 7.961 Loading class java/lang/Throwable$PrintStreamOrWriter done
Event: 7.961 Loading class java/lang/Throwable$WrappedPrintWriter done
Event: 7.964 Loading class java/lang/Throwable$WrappedPrintStream
Event: 7.965 Loading class java/lang/Throwable$WrappedPrintStream done

Classes unloaded (0 events):
No events

Classes redefined (0 events):
No events

Internal exceptions (20 events):
Event: 2.951 Thread 0x000002b8f03c94c0 Exception <a 'java/lang/NoSuchMethodError'{0x00000000c58aea58}: 'float java.lang.invoke.DirectMethodHandle$Holder.invokeVirtual(java.lang.Object, java.lang.Object)'> (0x00000000c58aea58) 
thrown [s\open\src\hotspot\share\interpreter\linkResolver.cpp, line 773]
Event: 2.951 Thread 0x000002b8f03c94c0 Exception <a 'java/lang/NoSuchMethodError'{0x00000000c58b6f80}: 'long java.lang.invoke.DirectMethodHandle$Holder.invokeVirtual(java.lang.Object, java.lang.Object)'> (0x00000000c58b6f80) 
thrown [s\open\src\hotspot\share\interpreter\linkResolver.cpp, line 773]
Event: 2.973 Thread 0x000002b8f03c94c0 Exception <a 'java/lang/NoSuchMethodError'{0x00000000c57d9d58}: 'void java.lang.invoke.DirectMethodHandle$Holder.invokeStatic(java.lang.Object, java.lang.Object, int)'> (0x00000000c57d9d58) 
thrown [s\open\src\hotspot\share\interpreter\linkResolver.cpp, line 773]
Event: 3.004 Thread 0x000002b8f03c94c0 Exception <a 'java/lang/NoSuchMethodError'{0x00000000c557c458}: 'int java.lang.invoke.DirectMethodHandle$Holder.invokeSpecialIFC(java.lang.Object, java.lang.Object, java.lang.Object)'> (0x00000000c557c458) 
thrown [s\open\src\hotspot\share\interpreter\linkResolver.cpp, line 773]
Event: 3.070 Thread 0x000002b8f03c94c0 Exception <a 'java/lang/NoSuchMethodError'{0x00000000c52094f8}: 'void java.lang.invoke.DirectMethodHandle$Holder.invokeSpecial(java.lang.Object, java.lang.Object, java.lang.Object, java.lang.Object, java.lang.Object, java.lang.Object)'> (0x00000000c52094f8) 
thrown [s\open\src\hotspot\share\interpreter\linkResolver.cpp, line 773]
Event: 4.957 Thread 0x000002b8f03c94c0 Exception <a 'java/lang/NoSuchMethodError'{0x00000000c6aa54e8}: 'java.lang.Object java.lang.invoke.DirectMethodHandle$Holder.invokeSpecialIFC(java.lang.Object, java.lang.Object, java.lang.Object)'> (0x00000000c6aa54e8) 
thrown [s\open\src\hotspot\share\interpreter\linkResolver.cpp, line 773]
Event: 5.147 Thread 0x000002b8fd4d6c50 Implicit null exception at 0x000002b887b225a4 to 0x000002b887b22fd4
Event: 5.231 Thread 0x000002b8f03c94c0 Exception <a 'java/lang/NoSuchMethodError'{0x00000000c6547b28}: 'void java.lang.invoke.Invokers$Holder.invokeExact_MT(java.lang.Object, java.lang.Object, java.lang.Object, java.lang.Object)'> (0x00000000c6547b28) 
thrown [s\open\src\hotspot\share\interpreter\linkResolver.cpp, line 773]
Event: 7.110 Thread 0x000002b8f03c94c0 Exception <a 'java/lang/NoSuchMethodError'{0x00000000c6434048}: 'void java.lang.invoke.DirectMethodHandle$Holder.invokeInterface(java.lang.Object, java.lang.Object)'> (0x00000000c6434048) 
thrown [s\open\src\hotspot\share\interpreter\linkResolver.cpp, line 773]
Event: 7.304 Thread 0x000002b8fd41cba0 Exception <a 'java/net/ConnectException'{0x00000000c63382b8}: Connection refused: getsockopt> (0x00000000c63382b8) 
thrown [s\open\src\hotspot\share\prims\jni.cpp, line 539]
Event: 7.321 Thread 0x000002b8fd41cba0 Exception <a 'java/net/ConnectException'{0x00000000c6339320}: Connection refused: getsockopt> (0x00000000c6339320) 
thrown [s\open\src\hotspot\share\prims\jni.cpp, line 539]
Event: 7.354 Thread 0x000002b8fd41cba0 Exception <a 'java/net/ConnectException'{0x00000000c633a388}: Connection refused: getsockopt> (0x00000000c633a388) 
thrown [s\open\src\hotspot\share\prims\jni.cpp, line 539]
Event: 7.419 Thread 0x000002b8fd41cba0 Exception <a 'java/net/ConnectException'{0x00000000c633b3f0}: Connection refused: getsockopt> (0x00000000c633b3f0) 
thrown [s\open\src\hotspot\share\prims\jni.cpp, line 539]
Event: 7.871 Thread 0x000002b8f03c94c0 Exception <a 'java/lang/ClassNotFoundException'{0x00000000c6f792f8}: sun/misc/SharedSecrets> (0x00000000c6f792f8) 
thrown [s\open\src\hotspot\share\classfile\systemDictionary.cpp, line 312]
Event: 7.890 Thread 0x000002b8fd41cba0 Exception <a 'java/net/ConnectException'{0x00000000c6fea050}: Connection refused: getsockopt> (0x00000000c6fea050) 
thrown [s\open\src\hotspot\share\prims\jni.cpp, line 539]
Event: 7.954 Thread 0x000002b8f03c94c0 Exception <a 'java/lang/NullPointerException'{0x00000000c6f91d40}> (0x00000000c6f91d40) 
thrown [s\open\src\hotspot\share\interpreter\linkResolver.cpp, line 1372]
Event: 7.985 Thread 0x000002b8fd41cba0 Exception <a 'java/net/ConnectException'{0x00000000c6feb0d8}: Connection refused: getsockopt> (0x00000000c6feb0d8) 
thrown [s\open\src\hotspot\share\prims\jni.cpp, line 539]
Event: 7.998 Thread 0x000002b8fd41cba0 Exception <a 'java/net/ConnectException'{0x00000000c6fec140}: Connection refused: getsockopt> (0x00000000c6fec140) 
thrown [s\open\src\hotspot\share\prims\jni.cpp, line 539]
Event: 8.031 Thread 0x000002b8fd41cba0 Exception <a 'java/net/ConnectException'{0x00000000c6fed1a8}: Connection refused: getsockopt> (0x00000000c6fed1a8) 
thrown [s\open\src\hotspot\share\prims\jni.cpp, line 539]
Event: 8.079 Thread 0x000002b8fd41cba0 Exception <a 'java/net/ConnectException'{0x00000000c6fee210}: Connection refused: getsockopt> (0x00000000c6fee210) 
thrown [s\open\src\hotspot\share\prims\jni.cpp, line 539]

ZGC Phase Switch (0 events):
No events

VM Operations (20 events):
Event: 2.241 Executing VM operation: HandshakeAllThreads (Deoptimize) done
Event: 2.937 Executing VM operation: HandshakeAllThreads (Deoptimize)
Event: 2.937 Executing VM operation: HandshakeAllThreads (Deoptimize) done
Event: 3.107 Executing VM operation: G1CollectForAllocation (G1 Evacuation Pause)
Event: 3.112 Executing VM operation: G1CollectForAllocation (G1 Evacuation Pause) done
Event: 4.122 Executing VM operation: Cleanup
Event: 4.122 Executing VM operation: Cleanup done
Event: 5.125 Executing VM operation: Cleanup
Event: 5.125 Executing VM operation: Cleanup done
Event: 5.127 Executing VM operation: HandshakeAllThreads (Deoptimize)
Event: 5.127 Executing VM operation: HandshakeAllThreads (Deoptimize) done
Event: 6.140 Executing VM operation: Cleanup
Event: 6.140 Executing VM operation: Cleanup done
Event: 7.150 Executing VM operation: Cleanup
Event: 7.150 Executing VM operation: Cleanup done
Event: 7.551 Executing VM operation: G1TryInitiateConcMark (G1 Humongous Allocation)
Event: 7.563 Executing VM operation: G1TryInitiateConcMark (G1 Humongous Allocation) done
Event: 8.189 Executing VM operation: G1TryInitiateConcMark (G1 Humongous Allocation)
Event: 8.191 Executing VM operation: G1TryInitiateConcMark (G1 Humongous Allocation) done
Event: 8.210 Executing VM operation: G1PauseRemark

Events (20 events):
Event: 3.135 Thread 0x000002b8fd4d65c0 Thread added: 0x000002b8fd4d65c0
Event: 5.099 Thread 0x000002b8fd4d8000 Thread added: 0x000002b8fd4d8000
Event: 5.135 Thread 0x000002b8fd4d6c50 Thread added: 0x000002b8fd4d6c50
Event: 7.301 Thread 0x000002b8fd4d72e0 Thread added: 0x000002b8fd4d72e0
Event: 7.302 Thread 0x000002b8fd4d7970 Thread added: 0x000002b8fd4d7970
Event: 7.302 Thread 0x000002b8fd4d5f30 Thread added: 0x000002b8fd4d5f30
Event: 7.328 Thread 0x000002b8fd4d8690 Thread added: 0x000002b8fd4d8690
Event: 7.328 Thread 0x000002b8fd4d8d20 Thread added: 0x000002b8fd4d8d20
Event: 7.518 Thread 0x000002b8fc893120 Thread added: 0x000002b8fc893120
Event: 7.891 Thread 0x000002b8fd4d8690 Thread exited: 0x000002b8fd4d8690
Event: 7.891 Thread 0x000002b8fd4d8d20 Thread exited: 0x000002b8fd4d8d20
Event: 7.894 Thread 0x000002b8fd4d72e0 Thread exited: 0x000002b8fd4d72e0
Event: 7.952 Thread 0x000002b8fd4d7970 Thread exited: 0x000002b8fd4d7970
Event: 7.952 Thread 0x000002b8fd4d5f30 Thread exited: 0x000002b8fd4d5f30
Event: 7.984 Thread 0x000002b8fc88f610 Thread added: 0x000002b8fc88f610
Event: 7.984 Thread 0x000002b8fc890330 Thread added: 0x000002b8fc890330
Event: 7.984 Thread 0x000002b8fc88ceb0 Thread added: 0x000002b8fc88ceb0
Event: 8.008 Thread 0x000002b8fc892a90 Thread added: 0x000002b8fc892a90
Event: 8.008 Thread 0x000002b8fc8909c0 Thread added: 0x000002b8fc8909c0
Event: 8.179 Thread 0x000002b8fc891050 Thread added: 0x000002b8fc891050


Dynamic libraries:
0x00007ff7891f0000 - 0x00007ff789200000 	C:\Program Files\Java\jdk-21\bin\javaw.exe
0x00007fff0d1f0000 - 0x00007fff0d3e8000 	C:\Windows\SYSTEM32\ntdll.dll
0x00007fff0c000000 - 0x00007fff0c0c2000 	C:\Windows\System32\KERNEL32.DLL
0x00007fff0acc0000 - 0x00007fff0afbe000 	C:\Windows\System32\KERNELBASE.dll
0x00007fff0afc0000 - 0x00007fff0b0c0000 	C:\Windows\System32\ucrtbase.dll
0x00007ffed7240000 - 0x00007ffed7259000 	C:\Program Files\Java\jdk-21\bin\jli.dll
0x00007fff0c100000 - 0x00007fff0c1b2000 	C:\Windows\System32\ADVAPI32.dll
0x00007fff0b3b0000 - 0x00007fff0b44e000 	C:\Windows\System32\msvcrt.dll
0x00007fff0bb40000 - 0x00007fff0bbe0000 	C:\Windows\System32\sechost.dll
0x00007fff0b800000 - 0x00007fff0b923000 	C:\Windows\System32\RPCRT4.dll
0x00007fff0b1e0000 - 0x00007fff0b207000 	C:\Windows\System32\bcrypt.dll
0x00007fff0b210000 - 0x00007fff0b3ad000 	C:\Windows\System32\USER32.dll
0x00007fff0ac00000 - 0x00007fff0ac22000 	C:\Windows\System32\win32u.dll
0x00007fff0bb10000 - 0x00007fff0bb3b000 	C:\Windows\System32\GDI32.dll
0x00007fff0a930000 - 0x00007fff0aa47000 	C:\Windows\System32\gdi32full.dll
0x00007fff0a890000 - 0x00007fff0a92d000 	C:\Windows\System32\msvcp_win.dll
0x00007ffef29a0000 - 0x00007ffef2c3a000 	C:\Windows\WinSxS\amd64_microsoft.windows.common-controls_6595b64144ccf1df_6.0.19041.4355_none_60b8b9eb71f62e16\COMCTL32.dll
0x00007ffed71e0000 - 0x00007ffed71fb000 	C:\Program Files\Java\jdk-21\bin\VCRUNTIME140.dll
0x00007ffef70c0000 - 0x00007ffef70ca000 	C:\Windows\SYSTEM32\VERSION.dll
0x00007fff0c0d0000 - 0x00007fff0c0ff000 	C:\Windows\System32\IMM32.DLL
0x00007ffed70e0000 - 0x00007ffed70ec000 	C:\Program Files\Java\jdk-21\bin\vcruntime140_1.dll
0x00007ffed7050000 - 0x00007ffed70de000 	C:\Program Files\Java\jdk-21\bin\msvcp140.dll
0x00007ffed6060000 - 0x00007ffed6d7a000 	C:\Program Files\Java\jdk-21\bin\server\jvm.dll
0x00007fff0c320000 - 0x00007fff0c38b000 	C:\Windows\System32\WS2_32.dll
0x00007fff09e20000 - 0x00007fff09e6b000 	C:\Windows\SYSTEM32\POWRPROF.dll
0x00007fff012d0000 - 0x00007fff012f7000 	C:\Windows\SYSTEM32\WINMM.dll
0x00007fff09c90000 - 0x00007fff09ca2000 	C:\Windows\SYSTEM32\UMPDC.dll
0x00007fff090b0000 - 0x00007fff090c2000 	C:\Windows\SYSTEM32\kernel.appcore.dll
0x00007ffed5e80000 - 0x00007ffed5e8a000 	C:\Program Files\Java\jdk-21\bin\jimage.dll
0x00007fff08c10000 - 0x00007fff08df4000 	C:\Windows\SYSTEM32\DBGHELP.DLL
0x00007fff01290000 - 0x00007fff012c4000 	C:\Windows\SYSTEM32\dbgcore.DLL
0x00007fff0ac30000 - 0x00007fff0acb2000 	C:\Windows\System32\bcryptPrimitives.dll
0x00007ffed5570000 - 0x00007ffed558f000 	C:\Program Files\Java\jdk-21\bin\java.dll
0x00007fff0c800000 - 0x00007fff0cf6f000 	C:\Windows\System32\SHELL32.dll
0x00007fff082b0000 - 0x00007fff08a54000 	C:\Windows\SYSTEM32\windows.storage.dll
0x00007fff0bbe0000 - 0x00007fff0bf33000 	C:\Windows\System32\combase.dll
0x00007fff0a2c0000 - 0x00007fff0a2ee000 	C:\Windows\SYSTEM32\Wldp.dll
0x00007fff0c250000 - 0x00007fff0c31d000 	C:\Windows\System32\OLEAUT32.dll
0x00007fff0d100000 - 0x00007fff0d1ad000 	C:\Windows\System32\SHCORE.dll
0x00007fff0b930000 - 0x00007fff0b985000 	C:\Windows\System32\shlwapi.dll
0x00007fff0a7c0000 - 0x00007fff0a7e4000 	C:\Windows\SYSTEM32\profapi.dll
0x00007ffed5420000 - 0x00007ffed54f7000 	C:\Program Files\Java\jdk-21\bin\jsvml.dll
0x00007ffed5410000 - 0x00007ffed5420000 	C:\Program Files\Java\jdk-21\bin\net.dll
0x00007fff016f0000 - 0x00007fff017fd000 	C:\Windows\SYSTEM32\WINHTTP.dll
0x00007fff0a020000 - 0x00007fff0a08a000 	C:\Windows\system32\mswsock.dll
0x00007ffed53f0000 - 0x00007ffed5406000 	C:\Program Files\Java\jdk-21\bin\nio.dll
0x00007ffed53d0000 - 0x00007ffed53e8000 	C:\Program Files\Java\jdk-21\bin\zip.dll
0x00007fff0a210000 - 0x00007fff0a228000 	C:\Windows\SYSTEM32\CRYPTSP.dll
0x00007fff098d0000 - 0x00007fff09904000 	C:\Windows\system32\rsaenh.dll
0x00007fff0a740000 - 0x00007fff0a76e000 	C:\Windows\SYSTEM32\USERENV.dll
0x00007fff0a230000 - 0x00007fff0a23c000 	C:\Windows\SYSTEM32\CRYPTBASE.dll
0x00007fff09cb0000 - 0x00007fff09ceb000 	C:\Windows\SYSTEM32\IPHLPAPI.DLL
0x00007fff0bf40000 - 0x00007fff0bf48000 	C:\Windows\System32\NSI.dll
0x00007ffecee90000 - 0x00007ffeceea0000 	C:\Program Files\Java\jdk-21\bin\verify.dll
0x00007ffed2570000 - 0x00007ffed2579000 	C:\Program Files\Java\jdk-21\bin\extnet.dll
0x00007fff09cf0000 - 0x00007fff09dba000 	C:\Windows\SYSTEM32\DNSAPI.dll
0x00007ffef6640000 - 0x00007ffef664a000 	C:\Windows\System32\rasadhlp.dll
0x00007ffef5f20000 - 0x00007ffef5fa0000 	C:\Windows\System32\fwpuclnt.dll
0x00007ffecc1c0000 - 0x00007ffecc1ca000 	C:\Program Files\Java\jdk-21\bin\management.dll
0x00007ffecc1b0000 - 0x00007ffecc1bb000 	C:\Program Files\Java\jdk-21\bin\management_ext.dll
0x00007fff0c240000 - 0x00007fff0c248000 	C:\Windows\System32\PSAPI.DLL
0x00007ffecee70000 - 0x00007ffecee7e000 	C:\Program Files\Java\jdk-21\bin\sunmscapi.dll
0x00007fff0aa50000 - 0x00007fff0abac000 	C:\Windows\System32\CRYPT32.dll
0x00007fff0a330000 - 0x00007fff0a357000 	C:\Windows\SYSTEM32\ncrypt.dll
0x00007fff0a2f0000 - 0x00007fff0a32b000 	C:\Windows\SYSTEM32\NTASN1.dll
0x00007ffecc1f0000 - 0x00007ffecc1f7000 	C:\Windows\system32\wshunix.dll
0x00007ffee0dc0000 - 0x00007ffee0dd7000 	C:\Windows\system32\napinsp.dll
0x00007ffee0ce0000 - 0x00007ffee0cfb000 	C:\Windows\system32\pnrpnsp.dll
0x00007fff02db0000 - 0x00007fff02dc5000 	C:\Windows\system32\wshbth.dll
0x00007fff016c0000 - 0x00007fff016dd000 	C:\Windows\system32\NLAapi.dll
0x00007ffee0da0000 - 0x00007ffee0db2000 	C:\Windows\System32\winrnr.dll

dbghelp: loaded successfully - version: 4.0.5 - missing functions: none
symbol engine: initialized successfully - sym options: 0x614 - pdb path: .;C:\Program Files\Java\jdk-21\bin;C:\Windows\SYSTEM32;C:\Windows\WinSxS\amd64_microsoft.windows.common-controls_6595b64144ccf1df_6.0.19041.4355_none_60b8b9eb71f62e16;C:\Program Files\Java\jdk-21\bin\server

VM Arguments:
jvm_args: -Dfile.encoding=UTF-8 -Dstdout.encoding=UTF-8 -Dstderr.encoding=UTF-8 -XX:+ShowCodeDetailsInExceptionMessages 
java_command: cucumber.api.cli.Main C:/Users/HP/eclipse-workspace/KR-Katalon recroder/src/main/resources/specs/ClickEventwithoutDDT.feature --glue classpath: --plugin pretty --monochrome
java_class_path (initial): C:\Users\HP\eclipse-workspace\KR-Katalon recroder\target\classes;C:\Users\HP\eclipse-workspace\KR-Katalon recroder\target\test-classes;C:\Users\HP\.m2\repository\io\cucumber\cucumber-java\7.14.0\cucumber-java-7.14.0.jar;C:\Users\HP\.m2\repository\io\cucumber\cucumber-core\7.14.0\cucumber-core-7.14.0.jar;C:\Users\HP\.m2\repository\io\cucumber\cucumber-gherkin\7.14.0\cucumber-gherkin-7.14.0.jar;C:\Users\HP\.m2\repository\io\cucumber\cucumber-gherkin-messages\7.14.0\cucumber-gherkin-messages-7.14.0.jar;C:\Users\HP\.m2\repository\io\cucumber\gherkin\26.2.0\gherkin-26.2.0.jar;C:\Users\HP\.m2\repository\io\cucumber\messages\22.0.0\messages-22.0.0.jar;C:\Users\HP\.m2\repository\io\cucumber\tag-expressions\5.0.6\tag-expressions-5.0.6.jar;C:\Users\HP\.m2\repository\io\cucumber\cucumber-expressions\16.1.2\cucumber-expressions-16.1.2.jar;C:\Users\HP\.m2\repository\io\cucumber\datatable\7.14.0\datatable-7.14.0.jar;C:\Users\HP\.m2\repository\io\cucumber\cucumber-plugin\7.14.0\cucumber-plugin-7.14.0.jar;C:\Users\HP\.m2\repository\io\cucumber\docstring\7.14.0\docstring-7.14.0.jar;C:\Users\HP\.m2\repository\io\cucumber\html-formatter\20.4.0\html-formatter-20.4.0.jar;C:\Users\HP\.m2\repository\io\cucumber\junit-xml-formatter\0.2.0\junit-xml-formatter-0.2.0.jar;C:\Users\HP\.m2\repository\io\cucumber\ci-environment\9.2.0\ci-environment-9.2.0.jar;C:\Users\HP\.m2\repository\org\apiguardian\apiguardian-api\1.1.2\apiguardian-api-1.1.2.jar;C:\Users\HP\.m2\repository\io\cucumber\cucumber-junit\7.14.0\cucumber-junit-7.14.0.jar;C:\Users\HP\.m2\repository\junit\junit\4.12\junit-4.12.jar;C:\Users\HP\.m2\repository\org\hamcrest\hamcrest-core\1.3\hamcrest-core-1.3.jar;C:\Users\HP\.m2\repository\org\seleniumhq\selenium\selenium-java\4.0.0\selenium-java-4.0.0.jar;C:\Users\HP\.m2\repository\org\seleniumhq\selenium\selenium-api\4.0.0\selenium-api-4.0.0.jar;C:\Users\HP\.m2\repository\org\seleniumhq\selenium\selenium-chrome-driver\4.0.0\selenium-chrome-driver-4.0.0.jar;C:\Users\HP\.m2\repository\com\google\auto\service\auto-service-annotations\1.0\auto-service-annotations-1.0.jar;C:\Users\HP\.m2\repository\com\google\auto\service\auto-service\1.0\auto-service-1.0.jar;C:\Users\HP\.m2\repository\com\google\auto\auto-common\1.0\auto-common-1.0.jar;C:\Users\HP\.m2\repository\com\google\guava\guava\31.0.1-jre\guava-31.0.1-jre.jar;C:\Users\HP\.m2\repository\com\google\guava\failureaccess\1.0.1\failureaccess-1.0.1.jar;C:\Users\HP\.m2\repository\com\google\guava\listenablefuture\9999.0-empty-to-avoid-conflict-with-guava\listenablefuture-9999.0-empty-to-avoid-conflict-with-guava.jar;C:\Users\HP\.m2\repository\com\google\code\findbugs\jsr305\3.0.2\jsr305-3.0.2.jar;C:\Users\HP\.m2\repository\org\checkerframework\checker-qual\3.12.0\checker-qual-3.12.0.jar;C:\Users\HP\.m2\repository\com\google\errorprone\error_prone_annotations\2.7.1\error_prone_annotations-2.7.1.jar;C:\Users\HP\.m2\repository\com\google\j2objc\j2objc-annotations\1.3\j2objc-annotations-1.3.jar;C:\Users\HP\.m2\repository\org\seleniumhq\selenium\selenium-chromium-driver\4.0.0\selenium-chromium-driver-4.0.0.jar;C:\Users\HP\.m2\repository\org\seleniumhq\selenium\selenium-json\4.0.0\selenium-json-4.0.0.jar;C:\Users\HP\.m2\repository\org\seleniumhq\selenium\selenium-devtools-v85\4.0.0\selenium-devtools-v85-4.0.0.jar;C:\Users\HP\.m2\repository\org\seleniumhq\selenium\selenium-devtools-v93\4.0.0\selenium-devtools-v93-4.0.0.jar;C:\Users\HP\.m2\repository\org\seleniumhq\selenium\selenium-devtools-v94\4.0.0\selenium-devtools-v94-4.0.0.jar;C:\Users\HP\.m2\repository\org\seleniumhq\selenium\selenium-devtools-v95\4.0.0\selenium-devtools-v95-4.0.0.jar;C:\Users\HP\.m2\repository\org\seleniumhq\selenium\selenium-edge-driver\4.0.0\selenium-edge-driver-4.0.0.jar;C:\Users\HP\.m2\repository\org\seleniumhq\selenium\selenium-firefox-driver\4.0.0\selenium-firefox-driver-4.0.0.jar;C:\Users\HP\.m2\repository\org\seleniumhq\selenium\selenium-firefox-xpi-driver\4.0.0\selenium-firefox-xpi-driver-4.0.0.jar;C:\Users\HP\.m2\repository\org\seleniumhq\selenium\selenium-ie-driver\4.0.0\selenium-ie-driver-4.0.0.jar;C:\Users\HP\.m2\repository\org\seleniumhq\selenium\selenium-opera-driver\4.0.0\selenium-opera-driver-4.0.0.jar;C:\Users\HP\.m2\repository\org\seleniumhq\selenium\selenium-remote-driver\4.0.0\selenium-remote-driver-4.0.0.jar;C:\Users\HP\.m2\repository\com\beust\jcommander\1.81\jcommander-1.81.jar;C:\Users\HP\.m2\repository\io\netty\netty-buffer\4.1.68.Final\netty-buffer-4.1.68.Final.jar;C:\Users\HP\.m2\repository\io\netty\netty-codec-http\4.1.67.Final\netty-codec-http-4.1.67.Final.jar;C:\Users\HP\.m2\repository\io\netty\netty-codec\4.1.67.Final\netty-codec-4.1.67.Final.jar;C:\Users\HP\.m2\repository\io\netty\netty-handler\4.1.67.Final\netty-handler-4.1.67.Final.jar;C:\Users\HP\.m2\repository\io\netty\netty-common\4.1.68.Final\netty-common-4.1.68.Final.jar;C:\Users\HP\.m2\repository\io\netty\netty-transport-native-epoll\4.1.67.Final\netty-transport-native-epoll-4.1.67.Final.jar;C:\Users\HP\.m2\repository\io\netty\netty-transport-native-kqueue\4.1.67.Final\netty-transport-native-kqueue-4.1.67.Final.jar;C:\Users\HP\.m2\repository\io\netty\netty-transport-native-unix-common\4.1.67.Final\netty-transport-native-unix-common-4.1.67.Final.jar;C:\Users\HP\.m2\repository\io\netty\netty-transport\4.1.68.Final\netty-transport-4.1.68.Final.jar;C:\Users\HP\.m2\repository\io\netty\netty-resolver\4.1.68.Final\netty-resolver-4.1.68.Final.jar;C:\Users\HP\.m2\repository\io\opentelemetry\opentelemetry-api\1.6.0\opentelemetry-api-1.6.0.jar;C:\Users\HP\.m2\repository\io\opentelemetry\opentelemetry-context\1.6.0\opentelemetry-context-1.6.0.jar;C:\Users\HP\.m2\repository\io\opentelemetry\opentelemetry-exporter-logging\1.6.0\opentelemetry-exporter-logging-1.6.0.jar;C:\Users\HP\.m2\repository\io\opentelemetry\opentelemetry-sdk-metrics\1.6.0-alpha\opentelemetry-sdk-metrics-1.6.0-alpha.jar;C:\Users\HP\.m2\repository\io\opentelemetry\opentelemetry-sdk-common\1.6.0\opentelemetry-sdk-common-1.6.0.jar;C:\Users\HP\.m2\repository\io\opentelemetry\opentelemetry-sdk-extension-autoconfigure-spi\1.6.0\opentelemetry-sdk-extension-autoconfigure-spi-1.6.0.jar;C:\Users\HP\.m2\repository\io\opentelemetry\opentelemetry-sdk-extension-autoconfigure\1.6.0-alpha\opentelemetry-sdk-extension-autoconfigure-1.6.0-alpha.jar;C:\Users\HP\.m2\repository\io\opentelemetry\opentelemetry-sdk-trace\1.6.0\opentelemetry-sdk-trace-1.6.0.jar;C:\Users\HP\.m2\repository\io\opentelemetry\opentelemetry-api-metrics\1.6.0-alpha\opentelemetry-api-metrics-1.6.0-alpha.jar;C:\Users\HP\.m2\repository\io\opentelemetry\opentelemetry-sdk\1.6.0\opentelemetry-sdk-1.6.0.jar;C:\Users\HP\.m2\repository\io\opentelemetry\opentelemetry-semconv\1.6.0-alpha\opentelemetry-semconv-1.6.0-alpha.jar;C:\Users\HP\.m2\repository\io\ous\jtoml\2.0.0\jtoml-2.0.0.jar;C:\Users\HP\.m2\repository\net\bytebuddy\byte-buddy\1.11.19\byte-buddy-1.11.19.jar;C:\Users\HP\.m2\repository\org\apache\commons\commons-exec\1.3\commons-exec-1.3.jar;C:\Users\HP\.m2\repository\org\asynchttpclient\async-http-client\2.12.3\async-http-client-2.12.3.jar;C:\Users\HP\.m2\repository\org\asynchttpclient\async-http-client-netty-utils\2.12.3\async-http-client-netty-utils-2.12.3.jar;C:\Users\HP\.m2\repository\io\netty\netty-codec-socks\4.1.60.Final\netty-codec-socks-4.1.60.Final.jar;C:\Users\HP\.m2\repository\io\netty\netty-handler-proxy\4.1.60.Final\netty-handler-proxy-4.1.60.Final.jar;C:\Users\HP\.m2\repository\io\netty\netty-transport-native-epoll\4.1.60.Final\netty-transport-native-epoll-4.1.60.Final-linux-x86_64.jar;C:\Users\HP\.m2\repository\io\netty\netty-transport-native-kqueue\4.1.60.Final\netty-transport-native-kqueue-4.1.60.Final-osx-x86_64.jar;C:\Users\HP\.m2\repository\org\reactivestreams\reactive-streams\1.0.3\reactive-streams-1.0.3.jar;C:\Users\HP\.m2\repository\com\typesafe\netty\netty-reactive-streams\2.0.4\netty-reactive-streams-2.0.4.jar;C:\Users\HP\.m2\repository\org\slf4j\slf4j-api\1.7.30\slf4j-api-1.7.30.jar;C:\Users\HP\.m2\repository\com\sun\activation\jakarta.activation\1.2.2\jakarta.activation-1.2.2.jar;C:\Users\HP\.m2\repository\org\seleniumhq\selenium\selenium-http\4.0.0\selenium-http-4.0.0.jar;C:\Users\HP\.m2\repository\org\seleniumhq\selenium\selenium-safari-driver\4.0.0\selenium-safari-driver-4.0.0.jar;C:\Users\HP\.m2\repository\org\seleniumhq\selenium\selenium-support\4.0.0\selenium-support-4.0.0.jar;C:\Users\HP\.m2\repository\commons-io\commons-io\2.4\commons-io-2.4.jar;C:\Users\HP\.p2\pool\plugins\org.junit_4.13.2.v20230809-1000.jar;C:\Users\HP\.p2\pool\plugins\org.hamcrest_3.0.0.jar;C:\Users\HP\.p2\pool\plugins\org.hamcrest.core_2.2.0.v20230809-1000.jar
Launcher Type: SUN_STANDARD

[Global flags]
     intx CICompilerCount                          = 3                                         {product} {ergonomic}
     uint ConcGCThreads                            = 1                                         {product} {ergonomic}
     uint G1ConcRefinementThreads                  = 4                                         {product} {ergonomic}
   size_t G1HeapRegionSize                         = 1048576                                   {product} {ergonomic}
    uintx GCDrainStackTargetSize                   = 64                                        {product} {ergonomic}
   size_t InitialHeapSize                          = 65011712                                  {product} {ergonomic}
   size_t MarkStackSize                            = 4194304                                   {product} {ergonomic}
   size_t MaxHeapSize                              = 1021313024                                {product} {ergonomic}
   size_t MaxNewSize                               = 612368384                                 {product} {ergonomic}
   size_t MinHeapDeltaBytes                        = 1048576                                   {product} {ergonomic}
   size_t MinHeapSize                              = 8388608                                   {product} {ergonomic}
    uintx NonNMethodCodeHeapSize                   = 5832780                                {pd product} {ergonomic}
    uintx NonProfiledCodeHeapSize                  = 122912730                              {pd product} {ergonomic}
    uintx ProfiledCodeHeapSize                     = 122912730                              {pd product} {ergonomic}
    uintx ReservedCodeCacheSize                    = 251658240                              {pd product} {ergonomic}
     bool SegmentedCodeCache                       = true                                      {product} {ergonomic}
     bool ShowCodeDetailsInExceptionMessages       = true                                   {manageable} {command line}
   size_t SoftMaxHeapSize                          = 1021313024                             {manageable} {ergonomic}
     bool UseCompressedOops                        = true                           {product lp64_product} {ergonomic}
     bool UseG1GC                                  = true                                      {product} {ergonomic}
     bool UseLargePagesIndividualAllocation        = false                                  {pd product} {ergonomic}

Logging:
Log output configuration:
 #0: stdout all=warning uptime,level,tags foldmultilines=false
 #1: stderr all=off uptime,level,tags foldmultilines=false

Environment Variables:
PATH=C:/Program Files/Java/jdk-21/bin/server;C:/Program Files/Java/jdk-21/bin;C:\Program Files\Common Files\Oracle\Java\javapath;C:\Windows\system32;C:\Windows;C:\Windows\System32\Wbem;C:\Windows\System32\WindowsPowerShell\v1.0\;C:\Windows\System32\OpenSSH\;C:\Program Files\Git\cmd;C:\Users\HP\AppData\Local\Microsoft\WindowsApps;C:\Users\HP\AppData\Local\GitHubDesktop\bin;C:\Windows\system32;
USERNAME=HP
OS=Windows_NT
PROCESSOR_IDENTIFIER=Intel64 Family 6 Model 140 Stepping 1, GenuineIntel
TMP=C:\Users\HP\AppData\Local\Temp
TEMP=C:\Users\HP\AppData\Local\Temp




Periodic native trim disabled

---------------  S Y S T E M  ---------------

OS:
 Windows 10 , 64 bit Build 19041 (10.0.19041.4957)
OS uptime: 3 days 3:27 hours

CPU: total 4 (initial active 4) (2 cores per cpu, 2 threads per core) family 6 model 140 stepping 1 microcode 0x66, cx8, cmov, fxsr, ht, mmx, 3dnowpref, sse, sse2, sse3, ssse3, sse4.1, sse4.2, popcnt, lzcnt, tsc, tscinvbit, avx, avx2, aes, erms, clmul, bmi1, bmi2, adx, avx512f, avx512dq, avx512cd, avx512bw, avx512vl, sha, fma, vzeroupper, avx512_vpopcntdq, avx512_vpclmulqdq, avx512_vaes, avx512_vnni, clflush, clflushopt, clwb, avx512_vbmi2, avx512_vbmi, rdtscp, rdpid, fsrm, gfni, avx512_bitalg, f16c, pku, cet_ibt, cet_ss, avx512_ifma
Processor Information for all 4 processors :
  Max Mhz: 2995, Current Mhz: 2995, Mhz Limit: 2995

Memory: 4k page, system-wide physical 3895M (58M free)
TotalPageFile size 15671M (AvailPageFile size 28M)
current process WorkingSet (physical memory assigned to process): 176M, peak: 189M
current process commit charge ("private bytes"): 269M, peak: 298M

vm_info: Java HotSpot(TM) 64-Bit Server VM (21.0.6+8-LTS-188) for windows-amd64 JRE (21.0.6+8-LTS-188), built on 2024-12-03T10:50:54Z by "mach5one" with MS VC++ 17.6 (VS2022)

END.
